chrom	bin.left.bound	bin.center	cov.pop	cov.bg	cov.substracted	n.pairs
1	0.0	0.05	1230359.813942225	342894.6844977658	887465.129443927	16158836.0
1	0.1	0.15000000000000002	710301.8240617597	13234.936748656246	697066.8873140684	15897814.0
1	0.2	0.25	633529.9017549637	14056.514645926723	619473.3871090525	15918919.0
1	0.30000000000000004	0.35000000000000003	570147.4198818016	7033.977917067169	563113.4419610264	15897136.0
1	0.4	0.45	507328.4509344366	11254.858294262063	496073.59263347974	15880093.0
1	0.5	0.55	467065.84576468315	-350.2371782080574	467416.0829373629	15851026.0
1	0.6000000000000001	0.6500000000000001	428366.2731100502	7989.045388399363	420377.22771614656	15817990.0
1	0.7000000000000001	0.7500000000000001	380638.871864807	7050.836548772554	373588.03531166015	15784669.0
1	0.8	0.8500000000000001	343533.73724217	8101.913412369352	335431.82382667664	15777212.0
1	0.9	0.9500000000000001	329461.0144191148	6850.961778047269	322610.05263839854	15751023.0
1	1.0	1.05	298019.982391732	4372.60452832835	293647.37786261854	15717252.0
1	1.1	1.1500000000000001	266705.8787077135	5272.578421857693	261433.30028606017	15645200.0
1	1.2000000000000002	1.2500000000000002	241980.26912672978	6299.546637335245	235680.72248984265	15599470.0
1	1.3	1.35	231126.22963294442	3795.0399453014247	227331.18968795205	15578722.0
1	1.4000000000000001	1.4500000000000002	198332.68258692784	722.6216671557376	197610.06091995307	15494652.0
1	1.5	1.55	195634.10257509313	3293.7140052592076	192340.38856978246	15467167.0
1	1.6	1.6500000000000001	185971.60077847107	4159.236408242621	181812.36437030954	15441758.0
1	1.7000000000000002	1.7500000000000002	162792.93692407612	-2754.119053917472	165547.05597822406	15429275.0
1	1.8	1.85	156536.821685596	7901.851722711179	148634.96996325615	15401195.0
1	1.9000000000000001	1.9500000000000002	128200.21657778366	1694.5694725780515	126505.64710541372	15336091.0
1	2.0	2.05	117776.32347613972	22.638834238892507	117753.68464195087	15315904.0
1	2.1	2.15	116043.16478571517	9394.278402428323	106648.88638336859	15304489.0
1	2.2	2.25	90075.40538548607	-4082.5879493633934	94157.99333423888	15240586.0
1	2.3000000000000003	2.35	92769.41153424028	1886.1782632152208	90883.23327061499	15214201.0
1	2.4000000000000004	2.45	88426.28247740398	10461.886246331615	77964.39623091382	15157058.0
1	2.5	2.55	87663.79545315489	-1439.7853285199928	89103.58078131122	15112024.0
1	2.6	2.65	64100.98531899066	-568.6301613976893	64669.615479705295	15105045.0
1	2.7	2.75	62602.723991107356	8371.932587150388	54230.791403326875	15103740.0
1	2.8000000000000003	2.85	54353.61511936956	7118.983942680023	47234.63117588101	15076414.0
1	2.9000000000000004	2.95	49311.74044109196	5210.119261303045	44101.62117921559	15026453.0
1	3.0	3.05	52230.30140901679	1529.2706110918002	50701.030797197134	14976412.0
1	3.1	3.15	53971.34536194344	5284.612250175214	48686.73311090894	14946715.0
1	3.2	3.25	47071.78781614101	3768.487469711893	43303.300346035816	14932126.0
1	3.3000000000000003	3.35	39817.23761138711	-3557.71104224458	43374.948653246	14890886.0
1	3.4000000000000004	3.45	44229.143424947746	-1401.140433850171	45630.283858022136	14885922.0
1	3.5	3.55	45405.65742015985	-642.3043340640073	46047.96175349141	14839115.0
1	3.6	3.65	41157.0340079446	9442.437260109804	31714.59674726188	14813912.0
1	3.7	3.75	40688.41216763531	-707.5086588078298	41395.92082569572	14803918.0
1	3.8000000000000003	3.85	35721.973870820904	-1749.026664075053	37471.00053410884	14769982.0
1	3.9000000000000004	3.95	35629.28136851984	5631.789054586224	29997.492313148778	14717694.0
1	4.0	4.05	37003.22829384873	-3392.5347643306227	40395.763057339944	14680417.0
1	4.1000000000000005	4.15	19535.109126816384	-1675.5203489467483	21210.629475507198	14651644.0
1	4.2	4.25	21395.58317558446	3076.3291557862885	18319.254019802163	14622423.0
1	4.3	4.35	15448.930191154506	1876.523002085665	13572.407189140644	14531637.0
1	4.4	4.45	7209.329877336923	-4272.920449420823	11482.250326771224	14500609.0
1	4.5	4.55	10459.731970004183	-2453.7203723255343	12913.452342356095	14481369.0
1	4.6000000000000005	4.65	10158.528827693577	6823.511927417966	3335.0169002985067	14462981.0
1	4.7	4.75	1753.6374554895192	-3619.805437197701	5373.442892733259	14419909.0
1	4.800000000000001	4.8500000000000005	15746.929878387542	-232.17790977234546	15979.107788224239	14390702.0
1	4.9	4.95	10438.380188596933	-5664.994948703901	16103.37513735238	14371706.0
1	5.0	5.05	4807.684398560409	7408.892329512249	-2601.207930893025	14301949.0
1	5.1000000000000005	5.15	5689.021745155975	-1640.3176918393808	7329.339437004246	14282399.0
1	5.2	5.25	-4116.380764161845	833.3712497781737	-4949.752013913169	14242293.0
1	5.300000000000001	5.3500000000000005	4391.397370550306	838.1052934183203	3553.2920771217973	14183897.0
1	5.4	5.45	7755.241721063362	-3693.3598320302276	11448.601553129489	14157423.0
1	5.5	5.55	5863.063694184492	-935.4618148353347	6798.525509109952	14111943.0
1	5.6000000000000005	5.65	2537.2371104388963	1865.1854409028972	672.0516695566708	14122046.0
1	5.7	5.75	459.724519454446	-265.162427878231	724.886947417869	14078238.0
1	5.800000000000001	5.8500000000000005	5849.184015734607	-5369.400381734175	11218.584397572627	14037870.0
1	5.9	5.95	4610.410284426806	-3005.1671377954813	7615.577422261313	14001628.0
1	6.0	6.05	11702.17323061252	4075.9361699501737	7626.237060744132	13987918.0
1	6.1000000000000005	6.15	2161.307822380255	1080.9307353833365	1080.3770870585943	13967205.0
1	6.2	6.25	-989.6759084679837	-3092.9043779707513	2103.228469623091	13904678.0
1	6.300000000000001	6.3500000000000005	-3169.6430093816125	2375.2494096148935	-5544.89241897894	13863400.0
1	6.4	6.45	4181.766555283847	1063.5902229317214	3118.176332491413	13805014.0
1	6.5	6.55	-11140.385008226642	-6962.037521263962	-4178.347487057828	13807458.0
1	6.6000000000000005	6.65	-11604.038381542061	-9944.697627737509	-1659.340753771122	13733829.0
1	6.7	6.75	3030.156701283941	-1148.8486774760222	4179.005378830731	13677475.0
1	6.800000000000001	6.8500000000000005	-8234.509276500321	-1306.8318861150115	-6927.677390315789	13677707.0
1	6.9	6.95	-5244.46797257813	1744.9579339095499	-6989.425906379308	13626259.0
1	7.0	7.05	4700.30245232699	-2451.214421727762	7151.5168741076395	13623239.0
1	7.1000000000000005	7.15	1780.458696540308	-4269.263716510904	6049.722413108825	13631393.0
1	7.2	7.25	-1387.3665589921902	5817.148553945068	-7204.515112830858	13513994.0
1	7.300000000000001	7.3500000000000005	4706.774983486234	-1113.858559716611	5820.63354324665	13508397.0
1	7.4	7.45	-1709.9733852889055	-235.55784781945448	-1474.4155373689075	13507630.0
1	7.5	7.55	-3609.197596451005	4500.063567569889	-8109.261163921379	13446146.0
1	7.6000000000000005	7.65	2584.224533229348	861.8812701041614	1722.3432631863107	13407065.0
1	7.7	7.75	-5425.1694075496025	190.65804429550175	-5615.8274517728405	13425628.0
1	7.800000000000001	7.8500000000000005	-5343.05013752274	5188.452556470493	-10531.502693923901	13375240.0
1	7.9	7.95	-1938.5497952508122	503.225528762973	-2441.7753239734066	13326855.0
1	8.0	8.05	-7355.060606516754	-3020.1720304740497	-4334.88857596113	13301368.0
1	8.1	8.15	-6099.867499019574	-2281.2218174534587	-3818.6456816523296	13283214.0
1	8.200000000000001	8.250000000000002	-16652.190581438925	-2821.0696694574594	-13831.120912234092	13217689.0
1	8.3	8.350000000000001	-11011.712644148614	-779.3708389300979	-10232.341805338085	13201291.0
1	8.4	8.450000000000001	-12880.500446970445	-1244.7055427635382	-11635.794904237982	13162683.0
1	8.5	8.55	-14295.160308149612	-1252.2366948563658	-13042.923613447754	13095174.0
1	8.6	8.65	-6955.724605643013	-900.3900757363451	-6055.334530032256	13070349.0
1	8.700000000000001	8.750000000000002	-12698.30807430119	-1584.9922203453132	-11113.31585427323	13094191.0
1	8.8	8.850000000000001	-12602.376749385727	-2445.8563268609078	-10156.52042246643	13019391.0
1	8.9	8.950000000000001	-6017.137437279848	3829.3764343914027	-9846.51387160922	13013904.0
1	9.0	9.05	-8928.009212680001	-4501.621180571456	-4426.388032050563	12957918.0
1	9.1	9.15	-11731.59821794106	-1092.8138884860089	-10638.784329430771	12986117.0
1	9.200000000000001	9.250000000000002	-8288.384237537535	2522.2838124302	-10810.668049897771	12951587.0
1	9.3	9.350000000000001	-9649.513955653269	-1060.2489979031704	-8589.264957651189	12883886.0
1	9.4	9.450000000000001	-17806.77377562631	-943.5486083764847	-16863.225167299264	12837878.0
1	9.5	9.55	-9987.582439833259	-161.2583954800001	-9826.32404428152	12831868.0
1	9.600000000000001	9.650000000000002	-14993.134112776075	-2045.504324108154	-12947.629788624088	12778560.0
1	9.700000000000001	9.750000000000002	-1736.9065702024257	5381.582144667327	-7118.488714803707	12776508.0
1	9.8	9.850000000000001	8154.920557731491	5178.187008458906	2976.733549355957	12737001.0
1	9.9	9.950000000000001	-4612.931678749768	425.4752740309269	-5038.406952675871	12692742.0
1	10.0	10.05	-979.5389721707002	-3115.818211191332	2136.279239114686	12647307.0
1	10.100000000000001	10.150000000000002	1011.9492824403573	2908.7072357708926	-1896.7579532695422	12630781.0
1	10.200000000000001	10.250000000000002	3707.2817526157723	-2257.265564127482	5964.547316827165	12565078.0
1	10.3	10.350000000000001	1811.0543852218987	-2871.8536973172554	4682.908082613454	12565602.0
1	10.4	10.450000000000001	-4905.1913463182345	-1236.722117759932	-3668.469228533977	12521438.0
1	10.5	10.55	1549.404298128932	1640.2567682514425	-90.85247010035151	12494396.0
1	10.600000000000001	10.650000000000002	-469.53612742814863	273.56994647298836	-743.1060738145851	12430009.0
1	10.700000000000001	10.750000000000002	2592.924585007215	1466.7333206586945	1126.191264400417	12402300.0
1	10.8	10.850000000000001	-8701.771396956945	307.8068136544445	-9009.578210508396	12402551.0
1	10.9	10.950000000000001	-129.14594059398826	994.3295996085286	-1123.4755401379773	12403970.0
1	11.0	11.05	4358.31627881279	-326.33040751194494	4684.646686388059	12343412.0
1	11.100000000000001	11.150000000000002	-2453.524417553679	3832.337082259512	-6285.8614997084505	12307891.0
1	11.200000000000001	11.250000000000002	2741.7177807579765	-287.3179597198885	3029.035740510692	12268102.0
1	11.3	11.350000000000001	8970.048229840131	-221.6767128344088	9191.724942709809	12216787.0
1	11.4	11.450000000000001	10529.57063998305	-4555.488326859307	15085.058966921786	12205372.0
1	11.5	11.55	9837.394984922139	-232.7069835751597	10070.101968610123	12168590.0
1	11.600000000000001	11.650000000000002	-511.7853896368918	-1861.8382883120355	1350.0528986790785	12096663.0
1	11.700000000000001	11.750000000000002	22351.945176072248	1065.0901916697344	21286.85498419348	12082282.0
1	11.8	11.850000000000001	37213.61799708163	-114.20137142034712	37327.819368183664	12061344.0
1	11.9	11.950000000000001	22595.794720626745	2162.5369076776296	20433.25781275553	12018351.0
1	12.0	12.05	22847.414600247223	5704.879039744779	17142.535560330634	11960723.0
1	12.100000000000001	12.150000000000002	20668.1028824234	5264.121922303099	15403.98096002432	11931946.0
1	12.200000000000001	12.250000000000002	20298.151708404668	2955.2822189438343	17342.86948913895	11888738.0
1	12.3	12.350000000000001	25039.67439523692	-233.50783618557355	25273.182231152074	11844049.0
1	12.4	12.450000000000001	19905.07278063446	4961.359471622001	14943.71330874007	11832198.0
1	12.5	12.55	19896.396581610148	4071.834106376761	15824.56247516936	11813154.0
1	12.600000000000001	12.650000000000002	27721.686968106114	3906.1312059924535	23815.555761815704	11793910.0
1	12.700000000000001	12.750000000000002	22976.367997101737	1208.3780713924866	21767.98992544322	11784171.0
1	12.8	12.850000000000001	12389.337287178441	1640.0564592770932	10749.280827935689	11710285.0
1	12.9	12.950000000000001	16266.106454960343	-3421.30277948435	19687.409234478444	11656054.0
1	13.0	13.05	13507.058973145286	-205.60046963680537	13712.659442826527	11608193.0
1	13.100000000000001	13.150000000000002	14008.191592346273	260.8952653568223	13747.296327016882	11583925.0
1	13.200000000000001	13.250000000000002	4194.637521222207	1447.1002249827645	2747.537296315151	11567643.0
1	13.3	13.350000000000001	3164.745765209804	474.1454311746046	2690.6003341174255	11513595.0
1	13.4	13.450000000000001	3859.4652662303106	4142.209613152828	-282.74434684470293	11486129.0
1	13.5	13.55	7898.89176996317	2935.7712730944004	4963.120496950011	11430930.0
1	13.600000000000001	13.650000000000002	9110.586740541934	-3196.276715445604	12306.863456050925	11441841.0
1	13.700000000000001	13.750000000000002	7286.8100793558	109.66320277862604	7177.146876682755	11415890.0
1	13.8	13.850000000000001	3058.352062760396	478.5845321198052	2579.767530714484	11384535.0
1	13.9	13.950000000000001	9295.39311080095	-2653.4469097191504	11948.84002059155	11339042.0
1	14.0	14.05	6821.940963476174	401.181195256846	6420.759768317868	11315881.0
1	14.100000000000001	14.150000000000002	3665.3533377561102	-1332.3893272294663	4997.742665058676	11276900.0
1	14.200000000000001	14.250000000000002	4164.817139180336	-1045.343848062273	5210.160987309307	11245189.0
1	14.3	14.350000000000001	1361.191665118299	5984.57481223453	-4623.383147048842	11230162.0
1	14.4	14.450000000000001	-875.7534903965523	-1073.143782293155	197.39029195561355	11194397.0
1	14.5	14.55	5548.119035127714	-2327.2449753640194	7875.3640105951445	11224795.0
1	14.600000000000001	14.650000000000002	16429.92933329538	6302.30137356695	10127.627959599162	11167812.0
1	14.700000000000001	14.750000000000002	-388.2436547247602	-3371.7037679657606	2983.4601133188676	11140173.0
1	14.8	14.850000000000001	-3424.660898242305	1914.74476776646	-5339.405665988887	11156317.0
1	14.9	14.950000000000001	-2150.982825156411	-1551.7481087692488	-599.2347163777436	11119622.0
1	15.0	15.05	3885.5854879517947	-569.0419337305618	4454.627421804877	11056769.0
1	15.100000000000001	15.150000000000002	8799.792336727212	2265.543106536478	6534.249230261256	11002192.0
1	15.200000000000001	15.250000000000002	3389.0936263004746	539.8772687861754	2849.216357576385	10972075.0
1	15.3	15.350000000000001	-6795.877836579535	-1101.0351767859297	-5694.842659721977	10961260.0
1	15.4	15.450000000000001	-9912.298022319583	574.4387599711043	-10486.736782219923	10926071.0
1	15.5	15.55	-11466.468340521225	3990.9796690928065	-15457.448009556641	10914943.0
1	15.600000000000001	15.650000000000002	-12748.2921023869	-2307.069284388148	-10441.22281795099	10901409.0
1	15.700000000000001	15.750000000000002	-14263.026881875048	-6468.474367048582	-7794.55251483874	10866653.0
1	15.8	15.850000000000001	-19981.927530831614	-2641.308522641379	-17340.619008482332	10849544.0
1	15.9	15.950000000000001	-16506.030288518734	5185.331440778483	-21691.361729349974	10817640.0
1	16.0	16.05	-17709.86382744222	4680.368606400329	-22390.232433899928	10771742.0
1	16.1	16.150000000000002	-19566.30884359584	-397.9794930417122	-19168.32935069983	10764483.0
1	16.2	16.25	-10347.500085282996	-2462.1072552317783	-7885.392829915255	10738585.0
1	16.3	16.35	-13997.587958709917	-3293.1795199597136	-10704.408438722863	10668918.0
1	16.400000000000002	16.450000000000003	-14184.099485697465	2054.9062274958505	-16239.005713188355	10664181.0
1	16.5	16.55	-13381.045437092487	791.9921551842737	-14173.037592391353	10635618.0
1	16.6	16.650000000000002	-16777.09183893227	-711.130176020545	-16065.961662950103	10608138.0
1	16.7	16.75	-20910.674911403963	-1345.0619880625063	-19565.61292348733	10581093.0
1	16.8	16.85	-14319.828944834711	-753.8045707896313	-13566.024374003455	10554200.0
1	16.900000000000002	16.950000000000003	-18644.249951625727	-679.0531962527328	-17965.19675552959	10568948.0
1	17.0	17.05	-12400.060128999108	3336.882803578554	-15736.94293252682	10562803.0
1	17.1	17.150000000000002	-19682.159279856965	-1420.3448189477785	-18261.814461078167	10492335.0
1	17.2	17.25	-10285.172694112734	-166.69980946697729	-10118.472884601839	10450730.0
1	17.3	17.35	-14594.462289645238	-1040.13610229242	-13554.326187342009	10452497.0
1	17.400000000000002	17.450000000000003	-15177.906394022622	-1177.5389356077176	-14000.36745849589	10409345.0
1	17.5	17.55	-11254.135456677643	857.2753419410215	-12111.410798597006	10380964.0
1	17.6	17.650000000000002	-15971.432338584984	-1782.896674397407	-14188.535664207911	10345905.0
1	17.7	17.75	-15916.345710179094	-4214.570790622122	-11701.774919629746	10313826.0
1	17.8	17.85	-21816.89933942189	-2796.5419569858473	-19020.35738254168	10299532.0
1	17.900000000000002	17.950000000000003	-11989.485348803564	-5901.792645029094	-6087.69270374985	10275542.0
1	18.0	18.05	-22375.66739025767	212.1673200131853	-22587.834710440562	10243920.0
1	18.1	18.150000000000002	-14690.607000350159	-1311.9968852182787	-13378.610115063422	10169167.0
1	18.2	18.25	-15580.4319349492	1782.0589966661464	-17362.490931670174	10168844.0
1	18.3	18.35	-16678.47271057861	4.9471682138498965	-16683.419878862212	10155027.0
1	18.400000000000002	18.450000000000003	-13500.091796938821	433.8562591260923	-13933.948055960203	10102186.0
1	18.5	18.55	-24940.604142129785	-2765.8933319472994	-22174.71081022971	10079272.0
1	18.6	18.650000000000002	-18197.98047357105	-7746.170000920677	-10451.810472743895	10089503.0
1	18.7	18.75	-22293.216376224264	-5665.750805322969	-16627.46557111626	10050000.0
1	18.8	18.85	-16022.220600270572	-1875.7985476385168	-14146.42205259039	10055055.0
1	18.900000000000002	18.950000000000003	-24457.948106725908	1575.384099209656	-26033.332206090497	10004449.0
1	19.0	19.05	-25278.983180144023	362.76715848964307	-25641.75033881459	9978947.0
1	19.1	19.150000000000002	-11818.87010159965	1268.8497530612528	-13087.719854572637	9949714.0
1	19.200000000000003	19.250000000000004	-11918.94356033656	-5824.718464843795	-6094.225095382417	9922608.0
1	19.3	19.35	-14784.708834223295	-2738.8949935580995	-12045.813840578989	9867264.0
1	19.400000000000002	19.450000000000003	-12986.749336101071	232.80972505418683	-13219.559061025615	9839214.0
1	19.5	19.55	-21631.108323529053	-4518.664214009315	-17112.444109526503	9826485.0
1	19.6	19.650000000000002	-14993.37973358776	2880.5228640718346	-17873.902597573717	9833822.0
1	19.700000000000003	19.750000000000004	-9977.91869535013	-4164.765765107009	-5813.152930168581	9795836.0
1	19.8	19.85	-18893.66873783888	598.3588718428125	-19492.027609636018	9754983.0
1	19.900000000000002	19.950000000000003	-16446.59565111516	-1649.5690956168553	-14797.026555453922	9713164.0
1	20.0	20.05	-7663.001162717463	60.51140651199695	-7723.512569185642	9688977.0
1	20.1	20.150000000000002	-9504.613442002992	-4198.701453380949	-5305.911988549443	9612397.0
1	20.200000000000003	20.250000000000004	-9654.574390225962	1917.8118511278087	-11572.38624127724	9600766.0
1	20.3	20.35	-10480.989363134515	-2588.8934834895963	-7892.095879623105	9565729.0
1	20.400000000000002	20.450000000000003	-5217.905194969249	-91.98868318564399	-5125.9165117675275	9520590.0
1	20.5	20.55	-6251.1731586921305	-3915.204982870442	-2335.9681757524145	9501855.0
1	20.6	20.650000000000002	-2557.7326001817232	-6293.375053251449	3735.642453125426	9503083.0
1	20.700000000000003	20.750000000000004	-7941.244198148014	-3428.8870870633764	-4512.357111030903	9451544.0
1	20.8	20.85	-14770.338410457836	-3232.306908552394	-11538.031501825406	9429512.0
1	20.900000000000002	20.950000000000003	-1300.721023078544	447.27916421720823	-1748.0001872821995	9381957.0
1	21.0	21.05	1132.6791194257876	-2394.0097181884234	3526.6888376541588	9356837.0
1	21.1	21.150000000000002	-12810.963865614658	-3605.620673191817	-9205.343192322527	9261674.0
1	21.200000000000003	21.250000000000004	-10708.27998164934	-2422.547720130335	-8285.73226142966	9248357.0
1	21.3	21.35	-3068.887931385772	-4012.6646714059266	943.7767400533751	9197204.0
1	21.400000000000002	21.450000000000003	-11517.519495988015	-1897.6190546259904	-9619.900441264908	9174551.0
1	21.5	21.55	-10884.039263505778	-2527.8730191613986	-8356.16624421714	9114202.0
1	21.6	21.650000000000002	-1149.994524376008	8057.505446404217	-9207.499970725632	9083781.0
1	21.700000000000003	21.750000000000004	-5111.5725929858045	837.7320631416221	-5949.30465605357	9072580.0
1	21.8	21.85	-14607.023246355138	2269.353867338432	-16876.377113651113	9042521.0
1	21.900000000000002	21.950000000000003	-20514.162822618717	659.5960462019242	-21173.758868891266	9023126.0
1	22.0	22.05	-10860.780151830093	-2222.434515036793	-8638.345636688435	8989292.0
1	22.1	22.150000000000002	-16184.52333211888	4960.870230757245	-21145.393562799436	8929555.0
1	22.200000000000003	22.250000000000004	-10216.803699690627	2902.964221757294	-13119.767921419323	8889943.0
1	22.3	22.35	-7892.976999968669	1833.2132705130061	-9726.190270407356	8843080.0
1	22.400000000000002	22.450000000000003	-13558.598240299149	-2809.456673531773	-10749.141566667444	8838192.0
1	22.5	22.55	-8719.698424834958	2431.518052420705	-11151.216477216542	8791121.0
1	22.6	22.650000000000002	438.2436381374329	5316.794166165819	-4878.550527983475	8753080.0
1	22.700000000000003	22.750000000000004	-4022.000793921653	1709.6318838095438	-5731.632677680665	8722099.0
1	22.8	22.85	-15447.459257135426	-953.4223634531936	-14494.036893601064	8715264.0
1	22.900000000000002	22.950000000000003	-14870.76454072581	2370.0664465302393	-17240.830987169804	8684640.0
1	23.0	23.05	-13936.733901057065	-285.22682098852033	-13651.507079984314	8658303.0
1	23.1	23.150000000000002	-11079.02087829383	-597.8847198863547	-10481.136158372208	8593923.0
1	23.200000000000003	23.250000000000004	1146.046451922084	1471.1578908450197	-325.1114389101892	8594754.0
1	23.3	23.35	-8150.9560270103175	-2151.36775474983	-5999.588272181776	8546142.0
1	23.400000000000002	23.450000000000003	1106.8008601028837	451.30051392405466	655.5003462065132	8525630.0
1	23.5	23.55	-3312.9273931288612	-2184.415721306416	-1128.5116717911344	8515282.0
1	23.6	23.650000000000002	-6341.124442929624	-3890.9854781671493	-2450.1389647187757	8491938.0
1	23.700000000000003	23.750000000000004	-5522.283594538282	-5531.862610328769	9.57901583260305	8452101.0
1	23.8	23.85	151.10758467795813	-2852.676681737469	3003.7842664379377	8418950.0
1	23.900000000000002	23.950000000000003	-1264.081141120363	-3117.139446352771	1853.0583052727143	8357752.0
1	24.0	24.05	1322.2959099282505	-2899.7270205093	4222.022930479988	8310006.0
1	24.1	24.150000000000002	5069.956792023138	-190.72708286038494	5260.683874916612	8303142.0
1	24.200000000000003	24.250000000000004	14811.102479913196	-1316.3879739873119	16127.490453745984	8249520.0
1	24.3	24.35	1322.4710751017853	1787.3798704762212	-464.9087953233117	8212436.0
1	24.400000000000002	24.450000000000003	6981.858952098339	789.6525609230815	6192.206391133753	8192399.0
1	24.5	24.55	4314.890075461409	-1553.9282704236955	5868.818345930817	8164657.0
1	24.6	24.650000000000002	5739.245053902559	1537.6280737265406	4201.616980217474	8131861.0
1	24.700000000000003	24.750000000000004	10143.808658041044	-5762.481035314541	15906.28969328601	8104224.0
1	24.8	24.85	8768.256475597058	-4103.142629672989	12871.399105316208	8074266.0
1	24.900000000000002	24.950000000000003	10113.395308339519	292.4508134943389	9820.944494793992	8038360.0
1	25.0	25.05	10614.624694546908	104.14431096469265	10510.480383582284	7989382.0
1	25.1	25.150000000000002	10853.404146171066	-1016.7925959868414	11870.19674216033	7958037.0
1	25.200000000000003	25.250000000000004	12870.005480405567	2586.083662950616	10283.921817409726	7946736.0
1	25.3	25.35	16125.337645961024	3454.392277989481	12670.945367817567	7887214.0
1	25.400000000000002	25.450000000000003	18929.416543027477	6237.088643451724	12692.327899347503	7867272.0
1	25.5	25.55	14630.026843649694	2180.5463897447257	12449.480453907914	7812252.0
1	25.6	25.650000000000002	21912.671209088672	-1173.6269718139315	23086.29818068739	7780554.0
1	25.700000000000003	25.750000000000004	9440.841598812574	-4026.1275383001575	13466.969137141583	7781322.0
1	25.8	25.85	8575.26360117338	-2846.9593193052424	11422.222920518381	7730220.0
1	25.900000000000002	25.950000000000003	1083.7376854823608	-2084.752430940945	3168.49011648416	7699431.0
1	26.0	26.05	10720.88762088418	2999.952279580925	7720.935341331597	7684190.0
1	26.1	26.150000000000002	8092.193793546439	-2031.933064646059	10124.126858242695	7636422.0
1	26.200000000000003	26.250000000000004	13218.73388631837	895.865882359762	12322.868004026412	7591061.0
1	26.3	26.35	5222.68517165895	1567.8033889403546	3654.8817828106557	7570448.0
1	26.400000000000002	26.450000000000003	4548.838664871885	-2595.8707534560176	7144.709418386118	7521362.0
1	26.5	26.55	10576.345419428779	950.8174705015645	9625.527948971265	7472504.0
1	26.6	26.650000000000002	14216.540928944152	-809.6112336063305	15026.152162573988	7473725.0
1	26.700000000000003	26.750000000000004	9293.000195931909	-283.01200332573404	9576.012199295175	7447405.0
1	26.8	26.85	236.02658205244018	-493.26587896743973	729.2924610397541	7411212.0
1	26.900000000000002	26.950000000000003	6192.401740789045	-3132.660248828476	9325.061989689828	7362067.0
1	27.0	27.05	8825.491960888437	-3854.42983041436	12679.921791370465	7374454.0
1	27.1	27.150000000000002	6476.918727105082	-3095.9339598912075	9572.852687048817	7361123.0
1	27.200000000000003	27.250000000000004	7625.039804855391	1459.1749366509916	6165.864868227039	7294929.0
1	27.3	27.35	685.4383680064426	64.63087132892635	620.8074966804609	7264168.0
1	27.400000000000002	27.450000000000003	12155.616050082856	859.2545612739847	11296.361488846973	7243959.0
1	27.5	27.55	8293.375439450108	1905.0271856689483	6388.348253812129	7219419.0
1	27.6	27.650000000000002	11018.531428059296	-3625.6461510005784	14644.177579075285	7181104.0
1	27.700000000000003	27.750000000000004	16046.282357089514	739.0071115147731	15307.275245581488	7123856.0
1	27.8	27.85	14576.903627275757	-1285.136251683844	15862.039878974898	7104978.0
1	27.900000000000002	27.950000000000003	5051.328243742942	860.9177086891932	4190.410535065497	7043114.0
1	28.0	28.05	11315.038942226487	-1467.683599017888	12782.722541274683	6999111.0
1	28.1	28.150000000000002	12290.89817308239	-4316.22874525102	16607.126918359896	6977546.0
1	28.200000000000003	28.250000000000004	11568.261272749474	617.7467931405982	10950.514479672036	6935063.0
1	28.3	28.35	18022.224500406322	514.2263419784977	17507.998158431365	6925566.0
1	28.400000000000002	28.450000000000003	17705.32731578471	-815.9889716156791	18521.31628740356	6914377.0
1	28.5	28.55	13004.272608238169	-1464.401719230527	14468.674327502982	6854254.0
1	28.6	28.650000000000002	13871.406324359394	241.30575770812268	13630.100566691171	6811519.0
1	28.700000000000003	28.750000000000004	11746.634797965731	-3777.605824716474	15524.240622734284	6766876.0
1	28.8	28.85	7042.261821972757	-1392.8774757380063	8435.139297725038	6761254.0
1	28.900000000000002	28.950000000000003	9658.901343755482	-638.5297792418063	10297.431123047372	6671036.0
1	29.0	29.05	14233.778104660982	870.5959691042186	13363.182135622541	6662337.0
1	29.1	29.150000000000002	10087.004419823215	635.0551389503253	9451.949280888688	6601071.0
1	29.200000000000003	29.250000000000004	10987.485388988001	1851.5518745004401	9135.93351456494	6581061.0
1	29.3	29.35	5127.506046077312	-2348.105479111564	7475.611525211553	6522305.0
1	29.400000000000002	29.450000000000003	9216.906645269864	1895.1585064668814	7321.748138801349	6518315.0
1	29.5	29.55	4631.165719197386	2894.0720150119537	1737.0937042030364	6490254.0
1	29.6	29.650000000000002	7792.7666507472695	1588.5772069577517	6204.18944384416	6452727.0
1	29.700000000000003	29.750000000000004	11452.680768212376	245.14664413055158	11207.534124172485	6416630.0
1	29.8	29.85	9225.776473899732	-4258.993790432488	13484.770264403047	6390834.0
1	29.900000000000002	29.950000000000003	13995.300549527108	-445.5707079600951	14440.87125753855	6334667.0
